<?xml version="1.0" encoding="UTF-8"?>
<testng-results total="1" passed="1" failed="0" skipped="0">
  <reporter-output>
  </reporter-output>
  <suite started-at="2024-01-05T05:14:58Z" name="Suite" finished-at="2024-01-05T05:17:10Z" duration-ms="131656">
    <groups>
    </groups>
    <test started-at="2024-01-05T05:14:58Z" name="Test" finished-at="2024-01-05T05:17:10Z" duration-ms="131656">
      <class name="com.mystore.testcases.TC_NewUserCreateTest">
        <test-method is-config="true" signature="setup()[pri:0, instance:com.mystore.testcases.TC_NewUserCreateTest@e383572]" started-at="2024-01-05T10:44:59Z" name="setup" finished-at="2024-01-05T10:46:06Z" duration-ms="67499" status="PASS">
          <reporter-output>
          </reporter-output>
        </test-method> <!-- setup -->
        <test-method signature="verifyLogin()[pri:0, instance:com.mystore.testcases.TC_NewUserCreateTest@e383572]" started-at="2024-01-05T10:46:06Z" name="verifyLogin" finished-at="2024-01-05T10:47:06Z" duration-ms="59883" status="PASS">
          <reporter-output>
          </reporter-output>
        </test-method> <!-- verifyLogin -->
        <test-method is-config="true" signature="tearDown()[pri:0, instance:com.mystore.testcases.TC_NewUserCreateTest@e383572]" started-at="2024-01-05T10:47:06Z" name="tearDown" finished-at="2024-01-05T10:47:10Z" duration-ms="3481" status="PASS">
          <reporter-output>
          </reporter-output>
        </test-method> <!-- tearDown -->
      </class> <!-- com.mystore.testcases.TC_NewUserCreateTest -->
    </test> <!-- Test -->
  </suite> <!-- Suite -->
</testng-results>
